Análisis de logs en /var/log/syslog
2025-03-16T10:27:04.604941-05:00 melanie-aponte-Vivobook-ASUSLaptop-X3400PA-K3400PA libvirtd[1357]: internal error: Failed to autostart storage pool 'Ventoy': cannot open directory '/media/melanie-aponte/Ventoy': No existe el archivo o el directorio
2025-03-16T10:27:04.604983-05:00 melanie-aponte-Vivobook-ASUSLaptop-X3400PA-K3400PA libvirtd[1357]: internal error: Failed to autostart storage pool 'WIndows': cannot open directory '/var/lib/libvirt/images/pool': No existe el archivo o el directorio
2025-03-16T10:27:04.741234-05:00 melanie-aponte-Vivobook-ASUSLaptop-X3400PA-K3400PA pipewire[1518]: mod.jackdbus-detect: Failed to receive jackdbus reply: org.freedesktop.DBus.Error.ServiceUnknown: The name org.jackaudio.service was not provided by any .service files
2025-03-16T10:27:04.774373-05:00 melanie-aponte-Vivobook-ASUSLaptop-X3400PA-K3400PA gnome-session[1554]: gnome-session-binary[1554]: WARNING: Could not check if unit gnome-session-wayland@gnome-login.target is active: Error al llamar StartSereviceByName para org.freedesktop.systemd1: Process org.freedesktop.systemd1 exited with status 1
2025-03-16T10:27:04.774413-05:00 melanie-aponte-Vivobook-ASUSLaptop-X3400PA-K3400PA gnome-session-binary[1554]: WARNING: Could not check if unit gnome-session-wayland@gnome-login.target is active: Error al llamar StartSereviceByName para org.freedesktop.systemd1: Process org.freedesktop.systemd1 exited with status 1
2025-03-16T10:27:05.058326-05:00 melanie-aponte-Vivobook-ASUSLaptop-X3400PA-K3400PA wireplumber[1521]: <WpPortalPermissionStorePlugin:0x5973fee08eb0> Failed to call Lookup: GDBus.Error:org.freedesktop.portal.Error.NotFound: No entry for camera
2025-03-16T10:27:05.807091-05:00 melanie-aponte-Vivobook-ASUSLaptop-X3400PA-K3400PA gsd-sharing[1715]: Failed to StopUnit service: GDBus.Error:org.freedesktop.DBus.Error.Spawn.ChildExited: Process org.freedesktop.systemd1 exited with status 1
2025-03-16T10:27:05.807144-05:00 melanie-aponte-Vivobook-ASUSLaptop-X3400PA-K3400PA gsd-sharing[1715]: Failed to StopUnit service: GDBus.Error:org.freedesktop.DBus.Error.Spawn.ChildExited: Process org.freedesktop.systemd1 exited with status 1
2025-03-16T10:27:05.812307-05:00 melanie-aponte-Vivobook-ASUSLaptop-X3400PA-K3400PA gnome-shell[1599]: Error looking up permission: GDBus.Error:org.freedesktop.portal.Error.NotFound: No entry for geolocation
2025-03-16T10:27:05.916777-05:00 melanie-aponte-Vivobook-ASUSLaptop-X3400PA-K3400PA gnome-shell[1599]: Failed to query file info on '/var/lib/gdm3/.local/share/icc/.goutputstream-IBFN32': Error al obtener la información del archivo «/var/lib/gdm3/.local/share/icc/.goutputstream-IBFN32»: No existe el archivo o el directorio
2025-03-16T10:27:05.965228-05:00 melanie-aponte-Vivobook-ASUSLaptop-X3400PA-K3400PA org.gnome.Shell.desktop[1924]: Errors from xkbcomp are not fatal to the X server
2025-03-16T10:27:06.123162-05:00 melanie-aponte-Vivobook-ASUSLaptop-X3400PA-K3400PA org.gnome.Shell.desktop[1973]: Errors from xkbcomp are not fatal to the X server
2025-03-16T10:27:27.521434-05:00 melanie-aponte-Vivobook-ASUSLaptop-X3400PA-K3400PA pipewire[2091]: mod.jackdbus-detect: Failed to receive jackdbus reply: org.freedesktop.DBus.Error.ServiceUnknown: The name org.jackaudio.service was not provided by any .service files
2025-03-16T10:27:27.976641-05:00 melanie-aponte-Vivobook-ASUSLaptop-X3400PA-K3400PA gnome-session[2309]: gnome-session-binary[2309]: GnomeDesktop-WARNING: Could not create transient scope for PID 2344: GDBus.Error:org.freedesktop.DBus.Error.UnixProcessIdUnknown: Failed to set unit properties: No such process
2025-03-16T10:27:27.976705-05:00 melanie-aponte-Vivobook-ASUSLaptop-X3400PA-K3400PA gnome-session-binary[2309]: GnomeDesktop-WARNING: Could not create transient scope for PID 2344: GDBus.Error:org.freedesktop.DBus.Error.UnixProcessIdUnknown: Failed to set unit properties: No such process
2025-03-16T10:27:28.064501-05:00 melanie-aponte-Vivobook-ASUSLaptop-X3400PA-K3400PA wireplumber[2097]: <WpPortalPermissionStorePlugin:0x5fc623cb7c10> Failed to call Lookup: GDBus.Error:org.freedesktop.portal.Error.NotFound: No entry for camera
2025-03-16T10:27:28.662611-05:00 melanie-aponte-Vivobook-ASUSLaptop-X3400PA-K3400PA gnome-session[2309]: gnome-session-binary[2309]: GnomeDesktop-WARNING: Could not create transient scope for PID 2501: GDBus.Error:org.freedesktop.DBus.Error.UnixProcessIdUnknown: Failed to set unit properties: No such process
2025-03-16T10:27:28.662661-05:00 melanie-aponte-Vivobook-ASUSLaptop-X3400PA-K3400PA gnome-session-binary[2309]: GnomeDesktop-WARNING: Could not create transient scope for PID 2501: GDBus.Error:org.freedesktop.DBus.Error.UnixProcessIdUnknown: Failed to set unit properties: No such process
2025-03-16T10:27:28.668262-05:00 melanie-aponte-Vivobook-ASUSLaptop-X3400PA-K3400PA gnome-session[2309]: gnome-session-binary[2309]: GnomeDesktop-WARNING: Could not create transient scope for PID 2546: GDBus.Error:org.freedesktop.DBus.Error.UnixProcessIdUnknown: Failed to set unit properties: No such process
2025-03-16T10:27:28.668397-05:00 melanie-aponte-Vivobook-ASUSLaptop-X3400PA-K3400PA gnome-session-binary[2309]: GnomeDesktop-WARNING: Could not create transient scope for PID 2546: GDBus.Error:org.freedesktop.DBus.Error.UnixProcessIdUnknown: Failed to set unit properties: No such process
2025-03-16T10:27:28.671349-05:00 melanie-aponte-Vivobook-ASUSLaptop-X3400PA-K3400PA at-spi2-registr[2438]: Failed to register client: GDBus.Error:org.gnome.SessionManager.AlreadyRegistered: Unable to register client
2025-03-16T10:27:28.799591-05:00 melanie-aponte-Vivobook-ASUSLaptop-X3400PA-K3400PA gnome-shell[2356]: Error looking up permission: GDBus.Error:org.freedesktop.portal.Error.NotFound: No entry for geolocation
2025-03-16T10:27:29.036187-05:00 melanie-aponte-Vivobook-ASUSLaptop-X3400PA-K3400PA gnome-shell[2356]: Failed to import DBusMenu, quicklists are not available: Error: Requiring Dbusmenu, version none: Typelib file for namespace 'Dbusmenu' (any version) not found
2025-03-16T10:27:29.036254-05:00 melanie-aponte-Vivobook-ASUSLaptop-X3400PA-K3400PA gnome-shell[2356]: message repeated 2 times: [ Failed to import DBusMenu, quicklists are not available: Error: Requiring Dbusmenu, version none: Typelib file for namespace 'Dbusmenu' (any version) not found]
2025-03-16T10:27:29.369277-05:00 melanie-aponte-Vivobook-ASUSLaptop-X3400PA-K3400PA tracker-miner-fs-3[2900]: (tracker-extract-3:2900): GLib-GIO-WARNING **: 10:27:29.368: Error creating IO channel for /proc/self/mountinfo: Argumento inválido (g-io-error-quark, 13)
2025-03-16T10:30:06.210388-05:00 melanie-aponte-Vivobook-ASUSLaptop-X3400PA-K3400PA tracker-miner-fs-3[4953]: (tracker-extract-3:4953): GLib-GIO-WARNING **: 10:30:06.209: Error creating IO channel for /proc/self/mountinfo: Argumento inválido (g-io-error-quark, 13)
2025-03-16T10:33:29.545774-05:00 melanie-aponte-Vivobook-ASUSLaptop-X3400PA-K3400PA tracker-miner-fs-3[5329]: (tracker-extract-3:5329): GLib-GIO-WARNING **: 10:33:29.545: Error creating IO channel for /proc/self/mountinfo: Argumento inválido (g-io-error-quark, 13)
2025-03-16T10:44:19.572435-05:00 melanie-aponte-Vivobook-ASUSLaptop-X3400PA-K3400PA tracker-miner-fs-3[5744]: (tracker-extract-3:5744): GLib-GIO-WARNING **: 10:44:19.572: Error creating IO channel for /proc/self/mountinfo: Argumento inválido (g-io-error-quark, 13)
2025-03-16T10:54:17.443075-05:00 melanie-aponte-Vivobook-ASUSLaptop-X3400PA-K3400PA tracker-miner-fs-3[6538]: (tracker-extract-3:6538): GLib-GIO-WARNING **: 10:54:17.442: Error creating IO channel for /proc/self/mountinfo: Argumento inválido (g-io-error-quark, 13)
2025-03-16T11:00:16.674842-05:00 melanie-aponte-Vivobook-ASUSLaptop-X3400PA-K3400PA gvfsd-network[6910]: Couldn't create directory monitor on wsdd:///. Error: Falló automount: Falló al lanzar el demonio wssd subyacente.
2025-03-16T11:00:16.686333-05:00 melanie-aponte-Vivobook-ASUSLaptop-X3400PA-K3400PA gvfsd-network[6910]: Couldn't create directory monitor on wsdd:///. Error: Falló automount: el punto de montaje para org.gtk.vfs.mountpoint_wsdd ya se está usando
2025-03-16T11:00:29.436646-05:00 melanie-aponte-Vivobook-ASUSLaptop-X3400PA-K3400PA gnome-shell[2356]: JS ERROR: TypeError: this.actor is null#012_syncEnabled@resource:///org/gnome/shell/ui/windowManager.js:145:25#012onStopped@resource:///org/gnome/shell/ui/windowManager.js:157:35#012_makeEaseCallback/<@resource:///org/gnome/shell/ui/environment.js:65:22#012_easeActorProperty/<@resource:///org/gnome/shell/ui/environment.js:247:60#012_destroyWindowDone@resource:///org/gnome/shell/ui/windowManager.js:1607:21#012onStopped@resource:///org/gnome/shell/ui/windowManager.js:1595:39#012_makeEaseCallback/<@resource:///org/gnome/shell/ui/environment.js:65:22#012_easeActor/<@resource:///org/gnome/shell/ui/environment.js:160:64#012@resource:///org/gnome/shell/ui/init.js:21:20
2025-03-16T11:01:56.094742-05:00 melanie-aponte-Vivobook-ASUSLaptop-X3400PA-K3400PA tracker-miner-fs-3[7049]: (tracker-extract-3:7049): GLib-GIO-WARNING **: 11:01:56.094: Error creating IO channel for /proc/self/mountinfo: Argumento inválido (g-io-error-quark, 13)
2025-03-16T11:02:24.299511-05:00 melanie-aponte-Vivobook-ASUSLaptop-X3400PA-K3400PA tracker-miner-fs-3[7091]: (tracker-extract-3:7091): GLib-GIO-WARNING **: 11:02:24.299: Error creating IO channel for /proc/self/mountinfo: Argumento inválido (g-io-error-quark, 13)
2025-03-16T11:07:17.965408-05:00 melanie-aponte-Vivobook-ASUSLaptop-X3400PA-K3400PA tracker-miner-fs-3[7198]: (tracker-extract-3:7198): GLib-GIO-WARNING **: 11:07:17.965: Error creating IO channel for /proc/self/mountinfo: Argumento inválido (g-io-error-quark, 13)
2025-03-16T11:26:57.844144-05:00 melanie-aponte-Vivobook-ASUSLaptop-X3400PA-K3400PA gvfsd-network[6910]: Couldn't create directory monitor on wsdd:///. Error: Falló automount: Falló al lanzar el demonio wssd subyacente.
2025-03-16T11:27:04.019280-05:00 melanie-aponte-Vivobook-ASUSLaptop-X3400PA-K3400PA gnome-shell[2356]: JS ERROR: TypeError: this.actor is null#012_syncEnabled@resource:///org/gnome/shell/ui/windowManager.js:145:25#012onStopped@resource:///org/gnome/shell/ui/windowManager.js:157:35#012_makeEaseCallback/<@resource:///org/gnome/shell/ui/environment.js:65:22#012_easeActorProperty/<@resource:///org/gnome/shell/ui/environment.js:247:60#012_destroyWindowDone@resource:///org/gnome/shell/ui/windowManager.js:1607:21#012onStopped@resource:///org/gnome/shell/ui/windowManager.js:1595:39#012_makeEaseCallback/<@resource:///org/gnome/shell/ui/environment.js:65:22#012_easeActor/<@resource:///org/gnome/shell/ui/environment.js:160:64#012@resource:///org/gnome/shell/ui/init.js:21:20
2025-03-16T11:27:54.817997-05:00 melanie-aponte-Vivobook-ASUSLaptop-X3400PA-K3400PA tracker-miner-fs-3[7980]: (tracker-extract-3:7980): GLib-GIO-WARNING **: 11:27:54.817: Error creating IO channel for /proc/self/mountinfo: Argumento inválido (g-io-error-quark, 13)
2025-03-16T11:28:09.599651-05:00 melanie-aponte-Vivobook-ASUSLaptop-X3400PA-K3400PA tracker-miner-fs-3[8008]: (tracker-extract-3:8008): GLib-GIO-WARNING **: 11:28:09.599: Error creating IO channel for /proc/self/mountinfo: Argumento inválido (g-io-error-quark, 13)
2025-03-16T11:44:09.508193-05:00 melanie-aponte-Vivobook-ASUSLaptop-X3400PA-K3400PA tracker-miner-fs-3[8504]: (tracker-extract-3:8504): GLib-GIO-WARNING **: 11:44:09.507: Error creating IO channel for /proc/self/mountinfo: Argumento inválido (g-io-error-quark, 13)
2025-03-16T12:17:13.080239-05:00 melanie-aponte-Vivobook-ASUSLaptop-X3400PA-K3400PA kernel: [Firmware Bug]: TSC ADJUST differs within socket(s), fixing all errors
2025-03-16T12:17:13.080610-05:00 melanie-aponte-Vivobook-ASUSLaptop-X3400PA-K3400PA systemd[1]: apport-autoreport.path - Process error reports when automatic reporting is enabled (file watch) was skipped because of an unmet condition check (ConditionPathExists=/var/lib/apport/autoreport).
2025-03-16T12:17:13.080622-05:00 melanie-aponte-Vivobook-ASUSLaptop-X3400PA-K3400PA systemd[1]: apport-autoreport.timer - Process error reports when automatic reporting is enabled (timer based) was skipped because of an unmet condition check (ConditionPathExists=/var/lib/apport/autoreport).
2025-03-16T12:17:13.080962-05:00 melanie-aponte-Vivobook-ASUSLaptop-X3400PA-K3400PA kernel: RAS: Correctable Errors collector initialized.
2025-03-16T12:17:13.081417-05:00 melanie-aponte-Vivobook-ASUSLaptop-X3400PA-K3400PA kernel: ACPI BIOS Error (bug): Could not resolve symbol [\CTDP], AE_NOT_FOUND (20240322/psargs-332)
2025-03-16T12:17:13.081424-05:00 melanie-aponte-Vivobook-ASUSLaptop-X3400PA-K3400PA kernel: ACPI Error: Aborting method \_SB.IETM.IDSP due to previous error (AE_NOT_FOUND) (20240322/psparse-529)
2025-03-16T12:17:13.081430-05:00 melanie-aponte-Vivobook-ASUSLaptop-X3400PA-K3400PA kernel: ACPI BIOS Error (bug): Could not resolve symbol [\_SB.PC00.LPCB.EC0.SEN1._CRT.S1CT], AE_NOT_FOUND (20240322/psargs-332)
2025-03-16T12:17:13.081436-05:00 melanie-aponte-Vivobook-ASUSLaptop-X3400PA-K3400PA kernel: ACPI Error: Aborting method \_SB.PC00.LPCB.EC0.SEN1._CRT due to previous error (AE_NOT_FOUND) (20240322/psparse-529)
2025-03-16T12:17:13.081436-05:00 melanie-aponte-Vivobook-ASUSLaptop-X3400PA-K3400PA kernel: ACPI BIOS Error (bug): Could not resolve symbol [\_SB.PC00.LPCB.EC0.SEN1._HOT.S1HT], AE_NOT_FOUND (20240322/psargs-332)
2025-03-16T12:17:13.081445-05:00 melanie-aponte-Vivobook-ASUSLaptop-X3400PA-K3400PA kernel: ACPI Error: Aborting method \_SB.PC00.LPCB.EC0.SEN1._HOT due to previous error (AE_NOT_FOUND) (20240322/psparse-529)
2025-03-16T12:17:13.081448-05:00 melanie-aponte-Vivobook-ASUSLaptop-X3400PA-K3400PA kernel: ACPI BIOS Error (bug): Could not resolve symbol [\_SB.PC00.LPCB.EC0.SEN1._PSV.S1PT], AE_NOT_FOUND (20240322/psargs-332)
2025-03-16T12:17:13.081454-05:00 melanie-aponte-Vivobook-ASUSLaptop-X3400PA-K3400PA kernel: ACPI Error: Aborting method \_SB.PC00.LPCB.EC0.SEN1._PSV due to previous error (AE_NOT_FOUND) (20240322/psparse-529)
2025-03-16T12:17:13.081455-05:00 melanie-aponte-Vivobook-ASUSLaptop-X3400PA-K3400PA kernel: ACPI BIOS Error (bug): Could not resolve symbol [\_SB.PC00.LPCB.EC0.SEN1._AC0.S1AT], AE_NOT_FOUND (20240322/psargs-332)
2025-03-16T12:17:13.081461-05:00 melanie-aponte-Vivobook-ASUSLaptop-X3400PA-K3400PA kernel: ACPI Error: Aborting method \_SB.PC00.LPCB.EC0.SEN1._AC0 due to previous error (AE_NOT_FOUND) (20240322/psparse-529)
2025-03-16T12:17:13.403993-05:00 melanie-aponte-Vivobook-ASUSLaptop-X3400PA-K3400PA kernel: ACPI BIOS Error (bug): Could not resolve symbol [\CTDP], AE_NOT_FOUND (20240322/psargs-332)
2025-03-16T12:17:13.404004-05:00 melanie-aponte-Vivobook-ASUSLaptop-X3400PA-K3400PA kernel: ACPI Error: Aborting method \_SB.IETM.IDSP due to previous error (AE_NOT_FOUND) (20240322/psparse-529)
2025-03-16T12:17:13.404006-05:00 melanie-aponte-Vivobook-ASUSLaptop-X3400PA-K3400PA kernel: ACPI Error: Aborting method \_SB.IETM._OSC due to previous error (AE_NOT_FOUND) (20240322/psparse-529)
2025-03-16T12:17:14.468083-05:00 melanie-aponte-Vivobook-ASUSLaptop-X3400PA-K3400PA libvirtd[1263]: internal error: Failed to autostart storage pool 'Ventoy': cannot open directory '/media/melanie-aponte/Ventoy': No existe el archivo o el directorio
2025-03-16T12:17:14.468134-05:00 melanie-aponte-Vivobook-ASUSLaptop-X3400PA-K3400PA libvirtd[1263]: internal error: Failed to autostart storage pool 'WIndows': cannot open directory '/var/lib/libvirt/images/pool': No existe el archivo o el directorio
2025-03-16T12:17:14.570866-05:00 melanie-aponte-Vivobook-ASUSLaptop-X3400PA-K3400PA pipewire[1427]: mod.jackdbus-detect: Failed to receive jackdbus reply: org.freedesktop.DBus.Error.ServiceUnknown: The name org.jackaudio.service was not provided by any .service files
2025-03-16T12:17:14.606595-05:00 melanie-aponte-Vivobook-ASUSLaptop-X3400PA-K3400PA gnome-session[1462]: gnome-session-binary[1462]: WARNING: Could not check if unit gnome-session-wayland@gnome-login.target is active: Error al llamar StartSereviceByName para org.freedesktop.systemd1: Process org.freedesktop.systemd1 exited with status 1
2025-03-16T12:17:14.606631-05:00 melanie-aponte-Vivobook-ASUSLaptop-X3400PA-K3400PA gnome-session-binary[1462]: WARNING: Could not check if unit gnome-session-wayland@gnome-login.target is active: Error al llamar StartSereviceByName para org.freedesktop.systemd1: Process org.freedesktop.systemd1 exited with status 1
2025-03-16T12:17:15.063297-05:00 melanie-aponte-Vivobook-ASUSLaptop-X3400PA-K3400PA wireplumber[1430]: <WpPortalPermissionStorePlugin:0x5993b5dacf00> Failed to call Lookup: GDBus.Error:org.freedesktop.portal.Error.NotFound: No entry for camera
2025-03-16T12:17:15.646719-05:00 melanie-aponte-Vivobook-ASUSLaptop-X3400PA-K3400PA gnome-shell[1507]: Error looking up permission: GDBus.Error:org.freedesktop.portal.Error.NotFound: No entry for geolocation
2025-03-16T12:17:15.656760-05:00 melanie-aponte-Vivobook-ASUSLaptop-X3400PA-K3400PA gsd-sharing[1626]: Failed to StopUnit service: GDBus.Error:org.freedesktop.DBus.Error.Spawn.ChildExited: Process org.freedesktop.systemd1 exited with status 1
2025-03-16T12:17:15.656887-05:00 melanie-aponte-Vivobook-ASUSLaptop-X3400PA-K3400PA gsd-sharing[1626]: Failed to StopUnit service: GDBus.Error:org.freedesktop.DBus.Error.Spawn.ChildExited: Process org.freedesktop.systemd1 exited with status 1
2025-03-16T12:17:15.799691-05:00 melanie-aponte-Vivobook-ASUSLaptop-X3400PA-K3400PA org.gnome.Shell.desktop[1840]: Errors from xkbcomp are not fatal to the X server
2025-03-16T12:17:15.955601-05:00 melanie-aponte-Vivobook-ASUSLaptop-X3400PA-K3400PA org.gnome.Shell.desktop[1885]: Errors from xkbcomp are not fatal to the X server
2025-03-16T12:17:21.145991-05:00 melanie-aponte-Vivobook-ASUSLaptop-X3400PA-K3400PA gsd-sharing[1626]: Failed to StopUnit service: GDBus.Error:org.freedesktop.DBus.Error.Spawn.ChildExited: Process org.freedesktop.systemd1 exited with status 1
2025-03-16T12:17:21.146026-05:00 melanie-aponte-Vivobook-ASUSLaptop-X3400PA-K3400PA gsd-sharing[1626]: Failed to StopUnit service: GDBus.Error:org.freedesktop.DBus.Error.Spawn.ChildExited: Process org.freedesktop.systemd1 exited with status 1
2025-03-16T12:17:35.808729-05:00 melanie-aponte-Vivobook-ASUSLaptop-X3400PA-K3400PA pipewire[2037]: mod.jackdbus-detect: Failed to receive jackdbus reply: org.freedesktop.DBus.Error.ServiceUnknown: The name org.jackaudio.service was not provided by any .service files
2025-03-16T12:17:36.253831-05:00 melanie-aponte-Vivobook-ASUSLaptop-X3400PA-K3400PA gnome-session[2256]: gnome-session-binary[2256]: GnomeDesktop-WARNING: Could not create transient scope for PID 2291: GDBus.Error:org.freedesktop.DBus.Error.UnixProcessIdUnknown: Failed to set unit properties: No such process
2025-03-16T12:17:36.253874-05:00 melanie-aponte-Vivobook-ASUSLaptop-X3400PA-K3400PA gnome-session-binary[2256]: GnomeDesktop-WARNING: Could not create transient scope for PID 2291: GDBus.Error:org.freedesktop.DBus.Error.UnixProcessIdUnknown: Failed to set unit properties: No such process
2025-03-16T12:17:36.512533-05:00 melanie-aponte-Vivobook-ASUSLaptop-X3400PA-K3400PA wireplumber[2042]: <WpPortalPermissionStorePlugin:0x586cf22a0420> Failed to call Lookup: GDBus.Error:org.freedesktop.portal.Error.NotFound: No entry for camera
2025-03-16T12:17:36.849871-05:00 melanie-aponte-Vivobook-ASUSLaptop-X3400PA-K3400PA gnome-shell[2303]: Error looking up permission: GDBus.Error:org.freedesktop.portal.Error.NotFound: No entry for geolocation
2025-03-16T12:17:36.904564-05:00 melanie-aponte-Vivobook-ASUSLaptop-X3400PA-K3400PA gnome-session[2256]: gnome-session-binary[2256]: GnomeDesktop-WARNING: Could not create transient scope for PID 2449: GDBus.Error:org.freedesktop.DBus.Error.UnixProcessIdUnknown: Failed to set unit properties: No such process
2025-03-16T12:17:36.904663-05:00 melanie-aponte-Vivobook-ASUSLaptop-X3400PA-K3400PA gnome-session-binary[2256]: GnomeDesktop-WARNING: Could not create transient scope for PID 2449: GDBus.Error:org.freedesktop.DBus.Error.UnixProcessIdUnknown: Failed to set unit properties: No such process
2025-03-16T12:17:36.908236-05:00 melanie-aponte-Vivobook-ASUSLaptop-X3400PA-K3400PA at-spi2-registr[2384]: Failed to register client: GDBus.Error:org.gnome.SessionManager.AlreadyRegistered: Unable to register client
2025-03-16T12:17:36.931144-05:00 melanie-aponte-Vivobook-ASUSLaptop-X3400PA-K3400PA gnome-session[2256]: gnome-session-binary[2256]: GnomeDesktop-WARNING: Could not create transient scope for PID 2500: GDBus.Error:org.freedesktop.DBus.Error.UnixProcessIdUnknown: Failed to set unit properties: No such process
2025-03-16T12:17:36.931507-05:00 melanie-aponte-Vivobook-ASUSLaptop-X3400PA-K3400PA gnome-session-binary[2256]: GnomeDesktop-WARNING: Could not create transient scope for PID 2500: GDBus.Error:org.freedesktop.DBus.Error.UnixProcessIdUnknown: Failed to set unit properties: No such process
2025-03-16T12:17:37.302405-05:00 melanie-aponte-Vivobook-ASUSLaptop-X3400PA-K3400PA gnome-shell[2303]: Failed to import DBusMenu, quicklists are not available: Error: Requiring Dbusmenu, version none: Typelib file for namespace 'Dbusmenu' (any version) not found
2025-03-16T12:17:37.302518-05:00 melanie-aponte-Vivobook-ASUSLaptop-X3400PA-K3400PA gnome-shell[2303]: message repeated 2 times: [ Failed to import DBusMenu, quicklists are not available: Error: Requiring Dbusmenu, version none: Typelib file for namespace 'Dbusmenu' (any version) not found]
2025-03-16T12:17:37.529685-05:00 melanie-aponte-Vivobook-ASUSLaptop-X3400PA-K3400PA tracker-miner-fs-3[2833]: (tracker-extract-3:2833): GLib-GIO-WARNING **: 12:17:37.529: Error creating IO channel for /proc/self/mountinfo: Argumento inválido (g-io-error-quark, 13)
2025-03-16T12:17:37.966984-05:00 melanie-aponte-Vivobook-ASUSLaptop-X3400PA-K3400PA gsd-smartcard[1657]: Error releasing name org.gnome.SettingsDaemon.Smartcard: La conexión está cerrada
2025-03-16T12:17:37.968004-05:00 melanie-aponte-Vivobook-ASUSLaptop-X3400PA-K3400PA gsd-print-notif[1647]: Error releasing name org.gnome.SettingsDaemon.PrintNotifications: La conexión está cerrada
2025-03-16T12:35:31.682436-05:00 melanie-aponte-Vivobook-ASUSLaptop-X3400PA-K3400PA gnome-shell[2303]: Gio.IOErrorEnum: Se alcanzó el tiempo de expiración#012#012Stack trace:#012  asyncCallback@resource:///org/gnome/gjs/modules/core/overrides/Gio.js:114:23#012  @resource:///org/gnome/shell/ui/init.js:21:20#012  
2025-03-16T12:35:42.153217-05:00 melanie-aponte-Vivobook-ASUSLaptop-X3400PA-K3400PA gdm3: Gdm: Failed to list cached users: GDBus.Error:org.freedesktop.DBus.Error.ServiceUnknown: The name :1.12 was not provided by any .service files
2025-03-16T12:57:14.085311-05:00 melanie-aponte-Vivobook-ASUSLaptop-X3400PA-K3400PA kernel: [Firmware Bug]: TSC ADJUST differs within socket(s), fixing all errors
2025-03-16T12:57:14.086006-05:00 melanie-aponte-Vivobook-ASUSLaptop-X3400PA-K3400PA kernel: RAS: Correctable Errors collector initialized.
2025-03-16T12:57:14.086315-05:00 melanie-aponte-Vivobook-ASUSLaptop-X3400PA-K3400PA kernel: ACPI BIOS Error (bug): Could not resolve symbol [\CTDP], AE_NOT_FOUND (20240322/psargs-332)
2025-03-16T12:57:14.086319-05:00 melanie-aponte-Vivobook-ASUSLaptop-X3400PA-K3400PA kernel: ACPI Error: Aborting method \_SB.IETM.IDSP due to previous error (AE_NOT_FOUND) (20240322/psparse-529)
2025-03-16T12:57:14.086322-05:00 melanie-aponte-Vivobook-ASUSLaptop-X3400PA-K3400PA kernel: ACPI BIOS Error (bug): Could not resolve symbol [\_SB.PC00.LPCB.EC0.SEN1._CRT.S1CT], AE_NOT_FOUND (20240322/psargs-332)
2025-03-16T12:57:14.086326-05:00 melanie-aponte-Vivobook-ASUSLaptop-X3400PA-K3400PA kernel: ACPI Error: Aborting method \_SB.PC00.LPCB.EC0.SEN1._CRT due to previous error (AE_NOT_FOUND) (20240322/psparse-529)
2025-03-16T12:57:14.086326-05:00 melanie-aponte-Vivobook-ASUSLaptop-X3400PA-K3400PA kernel: ACPI BIOS Error (bug): Could not resolve symbol [\_SB.PC00.LPCB.EC0.SEN1._HOT.S1HT], AE_NOT_FOUND (20240322/psargs-332)
2025-03-16T12:57:14.086331-05:00 melanie-aponte-Vivobook-ASUSLaptop-X3400PA-K3400PA kernel: ACPI Error: Aborting method \_SB.PC00.LPCB.EC0.SEN1._HOT due to previous error (AE_NOT_FOUND) (20240322/psparse-529)
2025-03-16T12:57:14.086332-05:00 melanie-aponte-Vivobook-ASUSLaptop-X3400PA-K3400PA kernel: ACPI BIOS Error (bug): Could not resolve symbol [\_SB.PC00.LPCB.EC0.SEN1._PSV.S1PT], AE_NOT_FOUND (20240322/psargs-332)
2025-03-16T12:57:14.086335-05:00 melanie-aponte-Vivobook-ASUSLaptop-X3400PA-K3400PA kernel: ACPI Error: Aborting method \_SB.PC00.LPCB.EC0.SEN1._PSV due to previous error (AE_NOT_FOUND) (20240322/psparse-529)
2025-03-16T12:57:14.086336-05:00 melanie-aponte-Vivobook-ASUSLaptop-X3400PA-K3400PA kernel: ACPI BIOS Error (bug): Could not resolve symbol [\_SB.PC00.LPCB.EC0.SEN1._AC0.S1AT], AE_NOT_FOUND (20240322/psargs-332)
2025-03-16T12:57:14.086341-05:00 melanie-aponte-Vivobook-ASUSLaptop-X3400PA-K3400PA kernel: ACPI Error: Aborting method \_SB.PC00.LPCB.EC0.SEN1._AC0 due to previous error (AE_NOT_FOUND) (20240322/psparse-529)
2025-03-16T12:57:14.359961-05:00 melanie-aponte-Vivobook-ASUSLaptop-X3400PA-K3400PA kernel: ACPI BIOS Error (bug): Could not resolve symbol [\CTDP], AE_NOT_FOUND (20240322/psargs-332)
2025-03-16T12:57:14.359971-05:00 melanie-aponte-Vivobook-ASUSLaptop-X3400PA-K3400PA kernel: ACPI Error: Aborting method \_SB.IETM.IDSP due to previous error (AE_NOT_FOUND) (20240322/psparse-529)
2025-03-16T12:57:14.359972-05:00 melanie-aponte-Vivobook-ASUSLaptop-X3400PA-K3400PA kernel: ACPI Error: Aborting method \_SB.IETM._OSC due to previous error (AE_NOT_FOUND) (20240322/psparse-529)
2025-03-16T12:57:14.414571-05:00 melanie-aponte-Vivobook-ASUSLaptop-X3400PA-K3400PA systemd[1]: apport-autoreport.path - Process error reports when automatic reporting is enabled (file watch) was skipped because of an unmet condition check (ConditionPathExists=/var/lib/apport/autoreport).
2025-03-16T12:57:14.415553-05:00 melanie-aponte-Vivobook-ASUSLaptop-X3400PA-K3400PA systemd[1]: apport-autoreport.timer - Process error reports when automatic reporting is enabled (timer based) was skipped because of an unmet condition check (ConditionPathExists=/var/lib/apport/autoreport).
2025-03-16T12:57:15.505847-05:00 melanie-aponte-Vivobook-ASUSLaptop-X3400PA-K3400PA libvirtd[1265]: internal error: Failed to autostart storage pool 'WIndows': cannot open directory '/var/lib/libvirt/images/pool': No existe el archivo o el directorio
2025-03-16T12:57:15.505890-05:00 melanie-aponte-Vivobook-ASUSLaptop-X3400PA-K3400PA libvirtd[1265]: internal error: Failed to autostart storage pool 'Ventoy': cannot open directory '/media/melanie-aponte/Ventoy': No existe el archivo o el directorio
2025-03-16T12:57:15.654769-05:00 melanie-aponte-Vivobook-ASUSLaptop-X3400PA-K3400PA pipewire[1425]: mod.jackdbus-detect: Failed to receive jackdbus reply: org.freedesktop.DBus.Error.ServiceUnknown: The name org.jackaudio.service was not provided by any .service files
2025-03-16T12:57:15.694308-05:00 melanie-aponte-Vivobook-ASUSLaptop-X3400PA-K3400PA gnome-session[1463]: gnome-session-binary[1463]: WARNING: Could not check if unit gnome-session-wayland@gnome-login.target is active: Error al llamar StartSereviceByName para org.freedesktop.systemd1: Process org.freedesktop.systemd1 exited with status 1
2025-03-16T12:57:15.694350-05:00 melanie-aponte-Vivobook-ASUSLaptop-X3400PA-K3400PA gnome-session-binary[1463]: WARNING: Could not check if unit gnome-session-wayland@gnome-login.target is active: Error al llamar StartSereviceByName para org.freedesktop.systemd1: Process org.freedesktop.systemd1 exited with status 1
2025-03-16T12:57:16.206176-05:00 melanie-aponte-Vivobook-ASUSLaptop-X3400PA-K3400PA wireplumber[1428]: <WpPortalPermissionStorePlugin:0x5ca817a7caa0> Failed to call Lookup: GDBus.Error:org.freedesktop.portal.Error.NotFound: No entry for camera
2025-03-16T12:57:16.698807-05:00 melanie-aponte-Vivobook-ASUSLaptop-X3400PA-K3400PA gnome-shell[1506]: Error looking up permission: GDBus.Error:org.freedesktop.portal.Error.NotFound: No entry for geolocation
2025-03-16T12:57:16.721055-05:00 melanie-aponte-Vivobook-ASUSLaptop-X3400PA-K3400PA gsd-sharing[1622]: Failed to StopUnit service: GDBus.Error:org.freedesktop.DBus.Error.Spawn.ChildExited: Process org.freedesktop.systemd1 exited with status 1
2025-03-16T12:57:16.721102-05:00 melanie-aponte-Vivobook-ASUSLaptop-X3400PA-K3400PA gsd-sharing[1622]: Failed to StopUnit service: GDBus.Error:org.freedesktop.DBus.Error.Spawn.ChildExited: Process org.freedesktop.systemd1 exited with status 1
2025-03-16T12:57:16.864542-05:00 melanie-aponte-Vivobook-ASUSLaptop-X3400PA-K3400PA org.gnome.Shell.desktop[1835]: Errors from xkbcomp are not fatal to the X server
2025-03-16T12:57:17.035849-05:00 melanie-aponte-Vivobook-ASUSLaptop-X3400PA-K3400PA org.gnome.Shell.desktop[1879]: Errors from xkbcomp are not fatal to the X server
2025-03-16T12:57:18.044741-05:00 melanie-aponte-Vivobook-ASUSLaptop-X3400PA-K3400PA gsd-sharing[1622]: Failed to StopUnit service: GDBus.Error:org.freedesktop.DBus.Error.Spawn.ChildExited: Process org.freedesktop.systemd1 exited with status 1
2025-03-16T12:57:18.044829-05:00 melanie-aponte-Vivobook-ASUSLaptop-X3400PA-K3400PA gsd-sharing[1622]: Failed to StopUnit service: GDBus.Error:org.freedesktop.DBus.Error.Spawn.ChildExited: Process org.freedesktop.systemd1 exited with status 1
2025-03-16T12:57:23.602068-05:00 melanie-aponte-Vivobook-ASUSLaptop-X3400PA-K3400PA pipewire[2035]: mod.jackdbus-detect: Failed to receive jackdbus reply: org.freedesktop.DBus.Error.ServiceUnknown: The name org.jackaudio.service was not provided by any .service files
2025-03-16T12:57:24.043702-05:00 melanie-aponte-Vivobook-ASUSLaptop-X3400PA-K3400PA gnome-session[2260]: gnome-session-binary[2260]: GnomeDesktop-WARNING: Could not create transient scope for PID 2296: GDBus.Error:org.freedesktop.DBus.Error.UnixProcessIdUnknown: Failed to set unit properties: No such process
2025-03-16T12:57:24.043740-05:00 melanie-aponte-Vivobook-ASUSLaptop-X3400PA-K3400PA gnome-session-binary[2260]: GnomeDesktop-WARNING: Could not create transient scope for PID 2296: GDBus.Error:org.freedesktop.DBus.Error.UnixProcessIdUnknown: Failed to set unit properties: No such process
2025-03-16T12:57:24.303426-05:00 melanie-aponte-Vivobook-ASUSLaptop-X3400PA-K3400PA wireplumber[2041]: <WpPortalPermissionStorePlugin:0x556408a8bd20> Failed to call Lookup: GDBus.Error:org.freedesktop.portal.Error.NotFound: No entry for camera
2025-03-16T12:57:24.636142-05:00 melanie-aponte-Vivobook-ASUSLaptop-X3400PA-K3400PA gnome-shell[2308]: Error looking up permission: GDBus.Error:org.freedesktop.portal.Error.NotFound: No entry for geolocation
2025-03-16T12:57:24.699712-05:00 melanie-aponte-Vivobook-ASUSLaptop-X3400PA-K3400PA gnome-session[2260]: gnome-session-binary[2260]: GnomeDesktop-WARNING: Could not create transient scope for PID 2465: GDBus.Error:org.freedesktop.DBus.Error.UnixProcessIdUnknown: Failed to set unit properties: No such process
2025-03-16T12:57:24.699819-05:00 melanie-aponte-Vivobook-ASUSLaptop-X3400PA-K3400PA gnome-session-binary[2260]: GnomeDesktop-WARNING: Could not create transient scope for PID 2465: GDBus.Error:org.freedesktop.DBus.Error.UnixProcessIdUnknown: Failed to set unit properties: No such process
2025-03-16T12:57:24.701441-05:00 melanie-aponte-Vivobook-ASUSLaptop-X3400PA-K3400PA at-spi2-registr[2391]: Failed to register client: GDBus.Error:org.gnome.SessionManager.AlreadyRegistered: Unable to register client
2025-03-16T12:57:25.053949-05:00 melanie-aponte-Vivobook-ASUSLaptop-X3400PA-K3400PA gnome-shell[2308]: Failed to import DBusMenu, quicklists are not available: Error: Requiring Dbusmenu, version none: Typelib file for namespace 'Dbusmenu' (any version) not found
2025-03-16T12:57:25.054048-05:00 melanie-aponte-Vivobook-ASUSLaptop-X3400PA-K3400PA gnome-shell[2308]: message repeated 2 times: [ Failed to import DBusMenu, quicklists are not available: Error: Requiring Dbusmenu, version none: Typelib file for namespace 'Dbusmenu' (any version) not found]
2025-03-16T12:57:25.373231-05:00 melanie-aponte-Vivobook-ASUSLaptop-X3400PA-K3400PA tracker-miner-fs-3[2846]: (tracker-extract-3:2846): GLib-GIO-WARNING **: 12:57:25.372: Error creating IO channel for /proc/self/mountinfo: Argumento inválido (g-io-error-quark, 13)
2025-03-16T12:59:33.598633-05:00 melanie-aponte-Vivobook-ASUSLaptop-X3400PA-K3400PA gnome-shell[2308]: Error in size change accounting.
2025-03-16T12:59:35.927990-05:00 melanie-aponte-Vivobook-ASUSLaptop-X3400PA-K3400PA gnome-shell[2308]: Error in size change accounting.
2025-03-16T12:59:59.007961-05:00 melanie-aponte-Vivobook-ASUSLaptop-X3400PA-K3400PA gnome-shell[2308]: Error in size change accounting.
2025-03-16T13:00:13.528086-05:00 melanie-aponte-Vivobook-ASUSLaptop-X3400PA-K3400PA gnome-shell[2308]: Error in size change accounting.
2025-03-16T13:08:06.958132-05:00 melanie-aponte-Vivobook-ASUSLaptop-X3400PA-K3400PA gnome-shell[2308]: JS ERROR: TypeError: this.actor is null#012_syncEnabled@resource:///org/gnome/shell/ui/windowManager.js:145:25#012onStopped@resource:///org/gnome/shell/ui/windowManager.js:157:35#012_makeEaseCallback/<@resource:///org/gnome/shell/ui/environment.js:65:22#012_easeActorProperty/<@resource:///org/gnome/shell/ui/environment.js:247:60#012_destroyWindowDone@resource:///org/gnome/shell/ui/windowManager.js:1607:21#012onStopped@resource:///org/gnome/shell/ui/windowManager.js:1575:39#012_makeEaseCallback/<@resource:///org/gnome/shell/ui/environment.js:65:22#012_easeActor/<@resource:///org/gnome/shell/ui/environment.js:160:64#012@resource:///org/gnome/shell/ui/init.js:21:20
2025-03-16T13:13:57.985313-05:00 melanie-aponte-Vivobook-ASUSLaptop-X3400PA-K3400PA tracker-miner-fs-3[5476]: (tracker-extract-3:5476): GLib-GIO-WARNING **: 13:13:57.985: Error creating IO channel for /proc/self/mountinfo: Argumento inválido (g-io-error-quark, 13)
2025-03-16T13:14:34.575482-05:00 melanie-aponte-Vivobook-ASUSLaptop-X3400PA-K3400PA tracker-miner-fs-3[5709]: (tracker-extract-3:5709): GLib-GIO-WARNING **: 13:14:34.575: Error creating IO channel for /proc/self/mountinfo: Argumento inválido (g-io-error-quark, 13)
2025-03-16T13:14:57.498748-05:00 melanie-aponte-Vivobook-ASUSLaptop-X3400PA-K3400PA tracker-miner-fs-3[5775]: (tracker-extract-3:5775): GLib-GIO-WARNING **: 13:14:57.498: Error creating IO channel for /proc/self/mountinfo: Argumento inválido (g-io-error-quark, 13)
2025-03-16T13:16:40.263671-05:00 melanie-aponte-Vivobook-ASUSLaptop-X3400PA-K3400PA gnome-shell[2308]: Error in size change accounting.
2025-03-16T13:16:41.481209-05:00 melanie-aponte-Vivobook-ASUSLaptop-X3400PA-K3400PA gnome-shell[2308]: Error in size change accounting.
2025-03-16T13:21:49.799941-05:00 melanie-aponte-Vivobook-ASUSLaptop-X3400PA-K3400PA tracker-miner-fs-3[5995]: (tracker-extract-3:5995): GLib-GIO-WARNING **: 13:21:49.799: Error creating IO channel for /proc/self/mountinfo: Argumento inválido (g-io-error-quark, 13)
2025-03-16T13:22:49.587882-05:00 melanie-aponte-Vivobook-ASUSLaptop-X3400PA-K3400PA tracker-miner-fs-3[6027]: (tracker-extract-3:6027): GLib-GIO-WARNING **: 13:22:49.587: Error creating IO channel for /proc/self/mountinfo: Argumento inválido (g-io-error-quark, 13)
2025-03-16T13:25:26.750741-05:00 melanie-aponte-Vivobook-ASUSLaptop-X3400PA-K3400PA tracker-miner-fs-3[6114]: (tracker-extract-3:6114): GLib-GIO-WARNING **: 13:25:26.750: Error creating IO channel for /proc/self/mountinfo: Argumento inválido (g-io-error-quark, 13)
2025-03-16T13:26:46.856678-05:00 melanie-aponte-Vivobook-ASUSLaptop-X3400PA-K3400PA tracker-miner-fs-3[6162]: (tracker-extract-3:6162): GLib-GIO-WARNING **: 13:26:46.856: Error creating IO channel for /proc/self/mountinfo: Argumento inválido (g-io-error-quark, 13)
2025-03-16T14:05:08.518727-05:00 melanie-aponte-Vivobook-ASUSLaptop-X3400PA-K3400PA tracker-miner-fs-3[7331]: (tracker-extract-3:7331): GLib-GIO-WARNING **: 14:05:08.518: Error creating IO channel for /proc/self/mountinfo: Argumento inválido (g-io-error-quark, 13)
2025-03-16T14:05:41.520699-05:00 melanie-aponte-Vivobook-ASUSLaptop-X3400PA-K3400PA tracker-miner-fs-3[7353]: (tracker-extract-3:7353): GLib-GIO-WARNING **: 14:05:41.520: Error creating IO channel for /proc/self/mountinfo: Argumento inválido (g-io-error-quark, 13)
2025-03-16T14:12:23.390968-05:00 melanie-aponte-Vivobook-ASUSLaptop-X3400PA-K3400PA tracker-miner-fs-3[7687]: (tracker-extract-3:7687): GLib-GIO-WARNING **: 14:12:23.390: Error creating IO channel for /proc/self/mountinfo: Argumento inválido (g-io-error-quark, 13)
2025-03-16T14:13:13.846665-05:00 melanie-aponte-Vivobook-ASUSLaptop-X3400PA-K3400PA tracker-miner-fs-3[7719]: (tracker-extract-3:7719): GLib-GIO-WARNING **: 14:13:13.846: Error creating IO channel for /proc/self/mountinfo: Argumento inválido (g-io-error-quark, 13)
2025-03-16T14:18:45.340005-05:00 melanie-aponte-Vivobook-ASUSLaptop-X3400PA-K3400PA tracker-miner-fs-3[7887]: (tracker-extract-3:7887): GLib-GIO-WARNING **: 14:18:45.339: Error creating IO channel for /proc/self/mountinfo: Argumento inválido (g-io-error-quark, 13)
2025-03-16T16:00:45.077851-05:00 melanie-aponte-Vivobook-ASUSLaptop-X3400PA-K3400PA tracker-miner-fs-3[9594]: (tracker-extract-3:9594): GLib-GIO-WARNING **: 16:00:45.077: Error creating IO channel for /proc/self/mountinfo: Argumento inválido (g-io-error-quark, 13)
2025-03-16T16:21:15.864081-05:00 melanie-aponte-Vivobook-ASUSLaptop-X3400PA-K3400PA tracker-miner-fs-3[10899]: (tracker-extract-3:10899): GLib-GIO-WARNING **: 16:21:15.863: Error creating IO channel for /proc/self/mountinfo: Argumento inválido (g-io-error-quark, 13)
2025-03-16T16:21:56.667572-05:00 melanie-aponte-Vivobook-ASUSLaptop-X3400PA-K3400PA tracker-miner-fs-3[10941]: (tracker-extract-3:10941): GLib-GIO-WARNING **: 16:21:56.667: Error creating IO channel for /proc/self/mountinfo: Argumento inválido (g-io-error-quark, 13)
2025-03-16T16:43:00.426336-05:00 melanie-aponte-Vivobook-ASUSLaptop-X3400PA-K3400PA tracker-miner-fs-3[11848]: (tracker-extract-3:11848): GLib-GIO-WARNING **: 16:43:00.425: Error creating IO channel for /proc/self/mountinfo: Argumento inválido (g-io-error-quark, 13)
2025-03-16T16:49:35.606047-05:00 melanie-aponte-Vivobook-ASUSLaptop-X3400PA-K3400PA tracker-miner-fs-3[12232]: (tracker-extract-3:12232): GLib-GIO-WARNING **: 16:49:35.605: Error creating IO channel for /proc/self/mountinfo: Argumento inválido (g-io-error-quark, 13)
2025-03-16T16:50:34.897281-05:00 melanie-aponte-Vivobook-ASUSLaptop-X3400PA-K3400PA tracker-miner-fs-3[12283]: (tracker-extract-3:12283): GLib-GIO-WARNING **: 16:50:34.897: Error creating IO channel for /proc/self/mountinfo: Argumento inválido (g-io-error-quark, 13)
2025-03-16T16:51:35.112552-05:00 melanie-aponte-Vivobook-ASUSLaptop-X3400PA-K3400PA tracker-miner-fs-3[12385]: (tracker-extract-3:12385): GLib-GIO-WARNING **: 16:51:35.112: Error creating IO channel for /proc/self/mountinfo: Argumento inválido (g-io-error-quark, 13)
2025-03-16T16:53:03.646156-05:00 melanie-aponte-Vivobook-ASUSLaptop-X3400PA-K3400PA gvfsd-network[12818]: Couldn't create directory monitor on wsdd:///. Error: Falló automount: Falló al lanzar el demonio wssd subyacente.
2025-03-16T16:53:03.663670-05:00 melanie-aponte-Vivobook-ASUSLaptop-X3400PA-K3400PA gvfsd-network[12818]: Couldn't create directory monitor on wsdd:///. Error: Falló automount: el punto de montaje para org.gtk.vfs.mountpoint_wsdd ya se está usando
2025-03-16T17:24:37.050176-05:00 melanie-aponte-Vivobook-ASUSLaptop-X3400PA-K3400PA snapd[947]: stateengine.go:161: state ensure error: Get "https://api.snapcraft.io/api/v1/snaps/sections": dial tcp: lookup api.snapcraft.io: no such host
